Build started 12/27/2020 7:52:42 PM.
Project "C:\JitenderN\Book\HelloWorld\HelloWorld\HelloWorld.vcxproj" on node 2 (build target(s)).
InitializeBuildStatus:
  Touching "Debug\HelloWorld.unsuccessfulbuild".
ClCompile:
  C:\Program Files\Microsoft Visual Studio 10.0\VC\bin\CL.exe /c /ZI /nologo /W3 /WX- /Od /Oy- /D WIN32 /D _DEBUG /D _WINDOWS /Gm /EHsc /RTC1 /MDd /GS /fp:precise /Zc:wchar_t /Zc:forScope /Fo"Debug\\" /Fd"Debug\vc100.pdb" /Gd /TP /analyze- /errorReport:prompt HelloWorld.cpp
  HelloWorld.cpp
ManifestResourceCompile:
  C:\Program Files\Microsoft SDKs\Windows\v7.0A\bin\rc.exe /nologo /fo"Debug\HelloWorld.exe.embed.manifest.res" Debug\HelloWorld_manifest.rc 
Link:
  C:\Program Files\Microsoft Visual Studio 10.0\VC\bin\link.exe /ERRORREPORT:PROMPT /OUT:"C:\JitenderN\Book\HelloWorld\Debug\HelloWorld.exe" /INCREMENTAL /NOLOGO kernel32.lib user32.lib gdi32.lib winspool.lib comdlg32.lib advapi32.lib shell32.lib ole32.lib oleaut32.lib uuid.lib odbc32.lib odbccp32.lib /MANIFEST /ManifestFile:"Debug\HelloWorld.exe.intermediate.manifest" /MANIFESTUAC:"level='asInvoker' uiAccess='false'" /DEBUG /PDB:"C:\JitenderN\Book\HelloWorld\Debug\HelloWorld.pdb" /SUBSYSTEM:WINDOWS /TLBID:1 /DYNAMICBASE /NXCOMPAT /IMPLIB:"C:\JitenderN\Book\HelloWorld\Debug\HelloWorld.lib" /MACHINE:X86 Debug\HelloWorld.exe.embed.manifest.res
  Debug\HelloWorld.obj
Manifest:
  C:\Program Files\Microsoft SDKs\Windows\v7.0A\bin\mt.exe /nologo /verbose /out:"Debug\HelloWorld.exe.embed.manifest" /manifest Debug\HelloWorld.exe.intermediate.manifest
  C:\Program Files\Microsoft SDKs\Windows\v7.0A\bin\rc.exe /nologo /fo"Debug\HelloWorld.exe.embed.manifest.res" Debug\HelloWorld_manifest.rc 
LinkEmbedManifest:
  C:\Program Files\Microsoft Visual Studio 10.0\VC\bin\link.exe /ERRORREPORT:PROMPT /OUT:"C:\JitenderN\Book\HelloWorld\Debug\HelloWorld.exe" /INCREMENTAL /NOLOGO kernel32.lib user32.lib gdi32.lib winspool.lib comdlg32.lib advapi32.lib shell32.lib ole32.lib oleaut32.lib uuid.lib odbc32.lib odbccp32.lib /MANIFEST /ManifestFile:"Debug\HelloWorld.exe.intermediate.manifest" /MANIFESTUAC:"level='asInvoker' uiAccess='false'" /DEBUG /PDB:"C:\JitenderN\Book\HelloWorld\Debug\HelloWorld.pdb" /SUBSYSTEM:WINDOWS /TLBID:1 /DYNAMICBASE /NXCOMPAT /IMPLIB:"C:\JitenderN\Book\HelloWorld\Debug\HelloWorld.lib" /MACHINE:X86 Debug\HelloWorld.exe.embed.manifest.res
  Debug\HelloWorld.obj
  HelloWorld.vcxproj -> C:\JitenderN\Book\HelloWorld\Debug\HelloWorld.exe
FinalizeBuildStatus:
  Deleting file "Debug\HelloWorld.unsuccessfulbuild".
  Touching "Debug\HelloWorld.lastbuildstate".
Done Building Project "C:\JitenderN\Book\HelloWorld\HelloWorld\HelloWorld.vcxproj" (build target(s)).

Build succeeded.

Time Elapsed 00:00:03.03
