Build started 6/4/2021 2:13:29 AM.
Project "C:\JitenderN\Book\SampleDLL\SampleDLL\SampleDLL.vcxproj" on node 2 (build target(s)).
PrepareForBuild:
  Creating directory "C:\JitenderN\Book\SampleDLL\Debug\".
InitializeBuildStatus:
  Creating "Debug\SampleDLL.unsuccessfulbuild" because "AlwaysCreate" was specified.
ClCompile:
  C:\Program Files\Microsoft Visual Studio 10.0\VC\bin\CL.exe /c /ZI /nologo /W3 /WX- /Od /Oy- /D WIN32 /D _DEBUG /D _WINDOWS /D _USRDLL /D SAMPLEDLL_EXPORTS /D _WINDLL /D _UNICODE /D UNICODE /Gm /EHsc /RTC1 /MDd /GS /fp:precise /Zc:wchar_t /Zc:forScope /Fo"Debug\\" /Fd"Debug\vc100.pdb" /Gd /TP /analyze- /errorReport:prompt SampleDLL.cpp
  SampleDLL.cpp
ManifestResourceCompile:
  C:\Program Files\Microsoft SDKs\Windows\v7.0A\bin\rc.exe /nologo /fo"Debug\SampleDLL.dll.embed.manifest.res" Debug\SampleDLL_manifest.rc 
Link:
  C:\Program Files\Microsoft Visual Studio 10.0\VC\bin\link.exe /ERRORREPORT:PROMPT /OUT:"C:\JitenderN\Book\SampleDLL\Debug\SampleDLL.dll" /INCREMENTAL /NOLOGO kernel32.lib user32.lib gdi32.lib winspool.lib comdlg32.lib advapi32.lib shell32.lib ole32.lib oleaut32.lib uuid.lib odbc32.lib odbccp32.lib /MANIFEST /ManifestFile:"Debug\SampleDLL.dll.intermediate.manifest" /MANIFESTUAC:"level='asInvoker' uiAccess='false'" /DEBUG /PDB:"C:\JitenderN\Book\SampleDLL\Debug\SampleDLL.pdb" /SUBSYSTEM:WINDOWS /TLBID:1 /DYNAMICBASE /NXCOMPAT /IMPLIB:"C:\JitenderN\Book\SampleDLL\Debug\SampleDLL.lib" /MACHINE:X86 /DLL Debug\SampleDLL.dll.embed.manifest.res
  Debug\SampleDLL.obj
     Creating library C:\JitenderN\Book\SampleDLL\Debug\SampleDLL.lib and object C:\JitenderN\Book\SampleDLL\Debug\SampleDLL.exp
Manifest:
  C:\Program Files\Microsoft SDKs\Windows\v7.0A\bin\mt.exe /nologo /verbose /out:"Debug\SampleDLL.dll.embed.manifest" /manifest Debug\SampleDLL.dll.intermediate.manifest
  C:\Program Files\Microsoft SDKs\Windows\v7.0A\bin\rc.exe /nologo /fo"Debug\SampleDLL.dll.embed.manifest.res" Debug\SampleDLL_manifest.rc 
LinkEmbedManifest:
  C:\Program Files\Microsoft Visual Studio 10.0\VC\bin\link.exe /ERRORREPORT:PROMPT /OUT:"C:\JitenderN\Book\SampleDLL\Debug\SampleDLL.dll" /INCREMENTAL /NOLOGO kernel32.lib user32.lib gdi32.lib winspool.lib comdlg32.lib advapi32.lib shell32.lib ole32.lib oleaut32.lib uuid.lib odbc32.lib odbccp32.lib /MANIFEST /ManifestFile:"Debug\SampleDLL.dll.intermediate.manifest" /MANIFESTUAC:"level='asInvoker' uiAccess='false'" /DEBUG /PDB:"C:\JitenderN\Book\SampleDLL\Debug\SampleDLL.pdb" /SUBSYSTEM:WINDOWS /TLBID:1 /DYNAMICBASE /NXCOMPAT /IMPLIB:"C:\JitenderN\Book\SampleDLL\Debug\SampleDLL.lib" /MACHINE:X86 /DLL Debug\SampleDLL.dll.embed.manifest.res
  Debug\SampleDLL.obj
     Creating library C:\JitenderN\Book\SampleDLL\Debug\SampleDLL.lib and object C:\JitenderN\Book\SampleDLL\Debug\SampleDLL.exp
  SampleDLL.vcxproj -> C:\JitenderN\Book\SampleDLL\Debug\SampleDLL.dll
FinalizeBuildStatus:
  Deleting file "Debug\SampleDLL.unsuccessfulbuild".
  Touching "Debug\SampleDLL.lastbuildstate".
Done Building Project "C:\JitenderN\Book\SampleDLL\SampleDLL\SampleDLL.vcxproj" (build target(s)).

Build succeeded.

Time Elapsed 00:00:01.57
