Build started 10/7/2021 2:27:33 AM.
Project "C:\JitenderN\Book\CryptGenKey\CryptGenKey\CryptGenKey.vcxproj" on node 2 (build target(s)).
InitializeBuildStatus:
  Creating "Debug\CryptGenKey.unsuccessfulbuild" because "AlwaysCreate" was specified.
ClCompile:
  C:\Program Files\Microsoft Visual Studio 10.0\VC\bin\CL.exe /c /ZI /nologo /W3 /WX- /Od /Oy- /D WIN32 /D _DEBUG /D _CONSOLE /D _UNICODE /D UNICODE /Gm /EHsc /RTC1 /MTd /GS /fp:precise /Zc:wchar_t /Zc:forScope /Yc"StdAfx.h" /Fp"Debug\CryptGenKey.pch" /Fo"Debug\\" /Fd"Debug\vc100.pdb" /Gd /TP /analyze- /errorReport:prompt stdafx.cpp
  stdafx.cpp
  C:\Program Files\Microsoft Visual Studio 10.0\VC\bin\CL.exe /c /ZI /nologo /W3 /WX- /Od /Oy- /D WIN32 /D _DEBUG /D _CONSOLE /D _UNICODE /D UNICODE /Gm /EHsc /RTC1 /MTd /GS /fp:precise /Zc:wchar_t /Zc:forScope /Yu"StdAfx.h" /Fp"Debug\CryptGenKey.pch" /Fo"Debug\\" /Fd"Debug\vc100.pdb" /Gd /TP /analyze- /errorReport:prompt CryptGenKey.cpp
  CryptGenKey.cpp
ManifestResourceCompile:
  C:\Program Files\Microsoft SDKs\Windows\v7.0A\bin\rc.exe /nologo /fo"Debug\CryptGenKey.exe.embed.manifest.res" Debug\CryptGenKey_manifest.rc 
Link:
  C:\Program Files\Microsoft Visual Studio 10.0\VC\bin\link.exe /ERRORREPORT:PROMPT /OUT:"C:\JitenderN\Book\CryptGenKey\Debug\CryptGenKey.exe" /INCREMENTAL /NOLOGO kernel32.lib user32.lib gdi32.lib winspool.lib comdlg32.lib advapi32.lib shell32.lib ole32.lib oleaut32.lib uuid.lib odbc32.lib odbccp32.lib /MANIFEST /ManifestFile:"Debug\CryptGenKey.exe.intermediate.manifest" /MANIFESTUAC:"level='asInvoker' uiAccess='false'" /DEBUG /PDB:"C:\JitenderN\Book\CryptGenKey\Debug\CryptGenKey.pdb" /SUBSYSTEM:CONSOLE /TLBID:1 /DYNAMICBASE /NXCOMPAT /IMPLIB:"C:\JitenderN\Book\CryptGenKey\Debug\CryptGenKey.lib" /MACHINE:X86 Debug\CryptGenKey.exe.embed.manifest.res
  Debug\CryptGenKey.obj
  Debug\stdafx.obj
Manifest:
  C:\Program Files\Microsoft SDKs\Windows\v7.0A\bin\mt.exe /nologo /verbose /out:"Debug\CryptGenKey.exe.embed.manifest" /manifest Debug\CryptGenKey.exe.intermediate.manifest
  C:\Program Files\Microsoft SDKs\Windows\v7.0A\bin\rc.exe /nologo /fo"Debug\CryptGenKey.exe.embed.manifest.res" Debug\CryptGenKey_manifest.rc 
LinkEmbedManifest:
  C:\Program Files\Microsoft Visual Studio 10.0\VC\bin\link.exe /ERRORREPORT:PROMPT /OUT:"C:\JitenderN\Book\CryptGenKey\Debug\CryptGenKey.exe" /INCREMENTAL /NOLOGO kernel32.lib user32.lib gdi32.lib winspool.lib comdlg32.lib advapi32.lib shell32.lib ole32.lib oleaut32.lib uuid.lib odbc32.lib odbccp32.lib /MANIFEST /ManifestFile:"Debug\CryptGenKey.exe.intermediate.manifest" /MANIFESTUAC:"level='asInvoker' uiAccess='false'" /DEBUG /PDB:"C:\JitenderN\Book\CryptGenKey\Debug\CryptGenKey.pdb" /SUBSYSTEM:CONSOLE /TLBID:1 /DYNAMICBASE /NXCOMPAT /IMPLIB:"C:\JitenderN\Book\CryptGenKey\Debug\CryptGenKey.lib" /MACHINE:X86 Debug\CryptGenKey.exe.embed.manifest.res
  Debug\CryptGenKey.obj
  Debug\stdafx.obj
  CryptGenKey.vcxproj -> C:\JitenderN\Book\CryptGenKey\Debug\CryptGenKey.exe
FinalizeBuildStatus:
  Deleting file "Debug\CryptGenKey.unsuccessfulbuild".
  Touching "Debug\CryptGenKey.lastbuildstate".
Done Building Project "C:\JitenderN\Book\CryptGenKey\CryptGenKey\CryptGenKey.vcxproj" (build target(s)).

Build succeeded.

Time Elapsed 00:00:01.63
