C:\JitenderN\Book\CryptGenKey\CryptGenKey\Debug\cl.command.1.tlog
C:\JitenderN\Book\CryptGenKey\CryptGenKey\Debug\CL.read.1.tlog
C:\JitenderN\Book\CryptGenKey\CryptGenKey\Debug\CL.write.1.tlog
C:\JITENDERN\BOOK\CRYPTGENKEY\CRYPTGENKEY\DEBUG\CRYPTGENKEY.EXE.EMBED.MANIFEST
C:\JITENDERN\BOOK\CRYPTGENKEY\CRYPTGENKEY\DEBUG\CRYPTGENKEY.EXE.EMBED.MANIFEST.RES
C:\JITENDERN\BOOK\CRYPTGENKEY\CRYPTGENKEY\DEBUG\CRYPTGENKEY.EXE.INTERMEDIATE.MANIFEST
C:\JITENDERN\BOOK\CRYPTGENKEY\CRYPTGENKEY\DEBUG\CRYPTGENKEY.OBJ
C:\JITENDERN\BOOK\CRYPTGENKEY\CRYPTGENKEY\DEBUG\CRYPTGENKEY.PCH
C:\JitenderN\Book\CryptGenKey\CryptGenKey\Debug\CryptGenKey.write.1.tlog
C:\JitenderN\Book\CryptGenKey\CryptGenKey\Debug\CryptGenKey_manifest.rc
C:\JitenderN\Book\CryptGenKey\CryptGenKey\Debug\link.8476.read.1.tlog
C:\JitenderN\Book\CryptGenKey\CryptGenKey\Debug\link.8476.write.1.tlog
C:\JitenderN\Book\CryptGenKey\CryptGenKey\Debug\link.8476-cvtres.read.1.tlog
C:\JitenderN\Book\CryptGenKey\CryptGenKey\Debug\link.8476-cvtres.write.1.tlog
C:\JitenderN\Book\CryptGenKey\CryptGenKey\Debug\link.command.1.tlog
C:\JitenderN\Book\CryptGenKey\CryptGenKey\Debug\link.read.1.tlog
C:\JitenderN\Book\CryptGenKey\CryptGenKey\Debug\link.write.1.tlog
C:\JitenderN\Book\CryptGenKey\CryptGenKey\Debug\link-cvtres.read.1.tlog
C:\JitenderN\Book\CryptGenKey\CryptGenKey\Debug\link-cvtres.write.1.tlog
C:\JitenderN\Book\CryptGenKey\CryptGenKey\Debug\mt.command.1.tlog
C:\JitenderN\Book\CryptGenKey\CryptGenKey\Debug\mt.read.1.tlog
C:\JitenderN\Book\CryptGenKey\CryptGenKey\Debug\mt.write.1.tlog
C:\JitenderN\Book\CryptGenKey\CryptGenKey\Debug\rc.command.1.tlog
C:\JitenderN\Book\CryptGenKey\CryptGenKey\Debug\rc.read.1.tlog
C:\JitenderN\Book\CryptGenKey\CryptGenKey\Debug\rc.write.1.tlog
C:\JITENDERN\BOOK\CRYPTGENKEY\CRYPTGENKEY\DEBUG\STDAFX.OBJ
C:\JitenderN\Book\CryptGenKey\CryptGenKey\Debug\vc100.idb
C:\JITENDERN\BOOK\CRYPTGENKEY\CRYPTGENKEY\DEBUG\VC100.PDB
C:\JITENDERN\BOOK\CRYPTGENKEY\DEBUG\CRYPTGENKEY.EXE
C:\JITENDERN\BOOK\CRYPTGENKEY\DEBUG\CRYPTGENKEY.ILK
C:\JITENDERN\BOOK\CRYPTGENKEY\DEBUG\CRYPTGENKEY.PDB
