C:\JitenderN\Book\CryptGetUserKey\CryptGetUserKey\Debug\cl.command.1.tlog
C:\JitenderN\Book\CryptGetUserKey\CryptGetUserKey\Debug\CL.read.1.tlog
C:\JitenderN\Book\CryptGetUserKey\CryptGetUserKey\Debug\CL.write.1.tlog
C:\JITENDERN\BOOK\CRYPTGETUSERKEY\CRYPTGETUSERKEY\DEBUG\CRYPTGETUSERKEY.EXE.EMBED.MANIFEST
C:\JITENDERN\BOOK\CRYPTGETUSERKEY\CRYPTGETUSERKEY\DEBUG\CRYPTGETUSERKEY.EXE.EMBED.MANIFEST.RES
C:\JITENDERN\BOOK\CRYPTGETUSERKEY\CRYPTGETUSERKEY\DEBUG\CRYPTGETUSERKEY.EXE.INTERMEDIATE.MANIFEST
C:\JITENDERN\BOOK\CRYPTGETUSERKEY\CRYPTGETUSERKEY\DEBUG\CRYPTGETUSERKEY.OBJ
C:\JITENDERN\BOOK\CRYPTGETUSERKEY\CRYPTGETUSERKEY\DEBUG\CRYPTGETUSERKEY.PCH
C:\JitenderN\Book\CryptGetUserKey\CryptGetUserKey\Debug\CryptGetUserKey.write.1.tlog
C:\JitenderN\Book\CryptGetUserKey\CryptGetUserKey\Debug\CryptGetUserKey_manifest.rc
C:\JitenderN\Book\CryptGetUserKey\CryptGetUserKey\Debug\link.4468.read.1.tlog
C:\JitenderN\Book\CryptGetUserKey\CryptGetUserKey\Debug\link.4468.write.1.tlog
C:\JitenderN\Book\CryptGetUserKey\CryptGetUserKey\Debug\link.4468-cvtres.read.1.tlog
C:\JitenderN\Book\CryptGetUserKey\CryptGetUserKey\Debug\link.4468-cvtres.write.1.tlog
C:\JitenderN\Book\CryptGetUserKey\CryptGetUserKey\Debug\link.command.1.tlog
C:\JitenderN\Book\CryptGetUserKey\CryptGetUserKey\Debug\link.read.1.tlog
C:\JitenderN\Book\CryptGetUserKey\CryptGetUserKey\Debug\link.write.1.tlog
C:\JitenderN\Book\CryptGetUserKey\CryptGetUserKey\Debug\link-cvtres.read.1.tlog
C:\JitenderN\Book\CryptGetUserKey\CryptGetUserKey\Debug\link-cvtres.write.1.tlog
C:\JitenderN\Book\CryptGetUserKey\CryptGetUserKey\Debug\mt.command.1.tlog
C:\JitenderN\Book\CryptGetUserKey\CryptGetUserKey\Debug\mt.read.1.tlog
C:\JitenderN\Book\CryptGetUserKey\CryptGetUserKey\Debug\mt.write.1.tlog
C:\JitenderN\Book\CryptGetUserKey\CryptGetUserKey\Debug\rc.command.1.tlog
C:\JitenderN\Book\CryptGetUserKey\CryptGetUserKey\Debug\rc.read.1.tlog
C:\JitenderN\Book\CryptGetUserKey\CryptGetUserKey\Debug\rc.write.1.tlog
C:\JITENDERN\BOOK\CRYPTGETUSERKEY\CRYPTGETUSERKEY\DEBUG\STDAFX.OBJ
C:\JitenderN\Book\CryptGetUserKey\CryptGetUserKey\Debug\vc100.idb
C:\JITENDERN\BOOK\CRYPTGETUSERKEY\CRYPTGETUSERKEY\DEBUG\VC100.PDB
C:\JITENDERN\BOOK\CRYPTGETUSERKEY\DEBUG\CRYPTGETUSERKEY.EXE
C:\JITENDERN\BOOK\CRYPTGETUSERKEY\DEBUG\CRYPTGETUSERKEY.ILK
C:\JITENDERN\BOOK\CRYPTGETUSERKEY\DEBUG\CRYPTGETUSERKEY.PDB
