Build started 10/8/2021 9:48:31 AM.
Project "C:\JitenderN\Book\CryptGetUserKey\CryptGetUserKey\CryptGetUserKey.vcxproj" on node 2 (build target(s)).
InitializeBuildStatus:
  Creating "Debug\CryptGetUserKey.unsuccessfulbuild" because "AlwaysCreate" was specified.
ClCompile:
  C:\Program Files\Microsoft Visual Studio 10.0\VC\bin\CL.exe /c /ZI /nologo /W3 /WX- /Od /Oy- /D WIN32 /D _DEBUG /D _CONSOLE /D _UNICODE /D UNICODE /Gm /EHsc /RTC1 /MTd /GS /fp:precise /Zc:wchar_t /Zc:forScope /Yc"StdAfx.h" /Fp"Debug\CryptGetUserKey.pch" /Fo"Debug\\" /Fd"Debug\vc100.pdb" /Gd /TP /analyze- /errorReport:prompt stdafx.cpp
  stdafx.cpp
  C:\Program Files\Microsoft Visual Studio 10.0\VC\bin\CL.exe /c /ZI /nologo /W3 /WX- /Od /Oy- /D WIN32 /D _DEBUG /D _CONSOLE /D _UNICODE /D UNICODE /Gm /EHsc /RTC1 /MTd /GS /fp:precise /Zc:wchar_t /Zc:forScope /Yu"StdAfx.h" /Fp"Debug\CryptGetUserKey.pch" /Fo"Debug\\" /Fd"Debug\vc100.pdb" /Gd /TP /analyze- /errorReport:prompt CryptGetUserKey.cpp
  CryptGetUserKey.cpp
ManifestResourceCompile:
  C:\Program Files\Microsoft SDKs\Windows\v7.0A\bin\rc.exe /nologo /fo"Debug\CryptGetUserKey.exe.embed.manifest.res" Debug\CryptGetUserKey_manifest.rc 
Link:
  C:\Program Files\Microsoft Visual Studio 10.0\VC\bin\link.exe /ERRORREPORT:PROMPT /OUT:"C:\JitenderN\Book\CryptGetUserKey\Debug\CryptGetUserKey.exe" /INCREMENTAL /NOLOGO kernel32.lib user32.lib gdi32.lib winspool.lib comdlg32.lib advapi32.lib shell32.lib ole32.lib oleaut32.lib uuid.lib odbc32.lib odbccp32.lib /MANIFEST /ManifestFile:"Debug\CryptGetUserKey.exe.intermediate.manifest" /MANIFESTUAC:"level='asInvoker' uiAccess='false'" /DEBUG /PDB:"C:\JitenderN\Book\CryptGetUserKey\Debug\CryptGetUserKey.pdb" /SUBSYSTEM:CONSOLE /TLBID:1 /DYNAMICBASE /NXCOMPAT /IMPLIB:"C:\JitenderN\Book\CryptGetUserKey\Debug\CryptGetUserKey.lib" /MACHINE:X86 Debug\CryptGetUserKey.exe.embed.manifest.res
  Debug\CryptGetUserKey.obj
  Debug\stdafx.obj
Manifest:
  C:\Program Files\Microsoft SDKs\Windows\v7.0A\bin\mt.exe /nologo /verbose /out:"Debug\CryptGetUserKey.exe.embed.manifest" /manifest Debug\CryptGetUserKey.exe.intermediate.manifest
  C:\Program Files\Microsoft SDKs\Windows\v7.0A\bin\rc.exe /nologo /fo"Debug\CryptGetUserKey.exe.embed.manifest.res" Debug\CryptGetUserKey_manifest.rc 
LinkEmbedManifest:
  C:\Program Files\Microsoft Visual Studio 10.0\VC\bin\link.exe /ERRORREPORT:PROMPT /OUT:"C:\JitenderN\Book\CryptGetUserKey\Debug\CryptGetUserKey.exe" /INCREMENTAL /NOLOGO kernel32.lib user32.lib gdi32.lib winspool.lib comdlg32.lib advapi32.lib shell32.lib ole32.lib oleaut32.lib uuid.lib odbc32.lib odbccp32.lib /MANIFEST /ManifestFile:"Debug\CryptGetUserKey.exe.intermediate.manifest" /MANIFESTUAC:"level='asInvoker' uiAccess='false'" /DEBUG /PDB:"C:\JitenderN\Book\CryptGetUserKey\Debug\CryptGetUserKey.pdb" /SUBSYSTEM:CONSOLE /TLBID:1 /DYNAMICBASE /NXCOMPAT /IMPLIB:"C:\JitenderN\Book\CryptGetUserKey\Debug\CryptGetUserKey.lib" /MACHINE:X86 Debug\CryptGetUserKey.exe.embed.manifest.res
  Debug\CryptGetUserKey.obj
  Debug\stdafx.obj
  CryptGetUserKey.vcxproj -> C:\JitenderN\Book\CryptGetUserKey\Debug\CryptGetUserKey.exe
FinalizeBuildStatus:
  Deleting file "Debug\CryptGetUserKey.unsuccessfulbuild".
  Touching "Debug\CryptGetUserKey.lastbuildstate".
Done Building Project "C:\JitenderN\Book\CryptGetUserKey\CryptGetUserKey\CryptGetUserKey.vcxproj" (build target(s)).

Build succeeded.

Time Elapsed 00:00:01.37
