C:\JITENDERN\BOOK\PLAINTEXTKEYBLOB\DEBUG\PLAINTEXTKEYBLOB.EXE
C:\JITENDERN\BOOK\PLAINTEXTKEYBLOB\DEBUG\PLAINTEXTKEYBLOB.ILK
C:\JITENDERN\BOOK\PLAINTEXTKEYBLOB\DEBUG\PLAINTEXTKEYBLOB.PDB
C:\JitenderN\Book\PLAINTEXTKEYBLOB\PLAINTEXTKEYBLOB\Debug\cl.command.1.tlog
C:\JitenderN\Book\PLAINTEXTKEYBLOB\PLAINTEXTKEYBLOB\Debug\CL.read.1.tlog
C:\JitenderN\Book\PLAINTEXTKEYBLOB\PLAINTEXTKEYBLOB\Debug\CL.write.1.tlog
C:\JitenderN\Book\PLAINTEXTKEYBLOB\PLAINTEXTKEYBLOB\Debug\link.1764.read.1.tlog
C:\JitenderN\Book\PLAINTEXTKEYBLOB\PLAINTEXTKEYBLOB\Debug\link.1764.write.1.tlog
C:\JitenderN\Book\PLAINTEXTKEYBLOB\PLAINTEXTKEYBLOB\Debug\link.1764-cvtres.read.1.tlog
C:\JitenderN\Book\PLAINTEXTKEYBLOB\PLAINTEXTKEYBLOB\Debug\link.1764-cvtres.write.1.tlog
C:\JitenderN\Book\PLAINTEXTKEYBLOB\PLAINTEXTKEYBLOB\Debug\link.command.1.tlog
C:\JitenderN\Book\PLAINTEXTKEYBLOB\PLAINTEXTKEYBLOB\Debug\link.read.1.tlog
C:\JitenderN\Book\PLAINTEXTKEYBLOB\PLAINTEXTKEYBLOB\Debug\link.write.1.tlog
C:\JitenderN\Book\PLAINTEXTKEYBLOB\PLAINTEXTKEYBLOB\Debug\link-cvtres.read.1.tlog
C:\JitenderN\Book\PLAINTEXTKEYBLOB\PLAINTEXTKEYBLOB\Debug\link-cvtres.write.1.tlog
C:\JitenderN\Book\PLAINTEXTKEYBLOB\PLAINTEXTKEYBLOB\Debug\mt.command.1.tlog
C:\JitenderN\Book\PLAINTEXTKEYBLOB\PLAINTEXTKEYBLOB\Debug\mt.read.1.tlog
C:\JitenderN\Book\PLAINTEXTKEYBLOB\PLAINTEXTKEYBLOB\Debug\mt.write.1.tlog
C:\JITENDERN\BOOK\PLAINTEXTKEYBLOB\PLAINTEXTKEYBLOB\DEBUG\PLAINTEXTKEYBLOB.EXE.EMBED.MANIFEST
C:\JITENDERN\BOOK\PLAINTEXTKEYBLOB\PLAINTEXTKEYBLOB\DEBUG\PLAINTEXTKEYBLOB.EXE.EMBED.MANIFEST.RES
C:\JITENDERN\BOOK\PLAINTEXTKEYBLOB\PLAINTEXTKEYBLOB\DEBUG\PLAINTEXTKEYBLOB.EXE.INTERMEDIATE.MANIFEST
C:\JITENDERN\BOOK\PLAINTEXTKEYBLOB\PLAINTEXTKEYBLOB\DEBUG\PLAINTEXTKEYBLOB.OBJ
C:\JITENDERN\BOOK\PLAINTEXTKEYBLOB\PLAINTEXTKEYBLOB\DEBUG\PLAINTEXTKEYBLOB.PCH
C:\JitenderN\Book\PLAINTEXTKEYBLOB\PLAINTEXTKEYBLOB\Debug\PLAINTEXTKEYBLOB.write.1.tlog
C:\JitenderN\Book\PLAINTEXTKEYBLOB\PLAINTEXTKEYBLOB\Debug\PLAINTEXTKEYBLOB_manifest.rc
C:\JitenderN\Book\PLAINTEXTKEYBLOB\PLAINTEXTKEYBLOB\Debug\rc.command.1.tlog
C:\JitenderN\Book\PLAINTEXTKEYBLOB\PLAINTEXTKEYBLOB\Debug\rc.read.1.tlog
C:\JitenderN\Book\PLAINTEXTKEYBLOB\PLAINTEXTKEYBLOB\Debug\rc.write.1.tlog
C:\JITENDERN\BOOK\PLAINTEXTKEYBLOB\PLAINTEXTKEYBLOB\DEBUG\STDAFX.OBJ
C:\JitenderN\Book\PLAINTEXTKEYBLOB\PLAINTEXTKEYBLOB\Debug\vc100.idb
C:\JITENDERN\BOOK\PLAINTEXTKEYBLOB\PLAINTEXTKEYBLOB\DEBUG\VC100.PDB
