C:\JITENDERN\BOOK\SIMPLEBLOB\DEBUG\SIMPLEBLOB.EXE
C:\JITENDERN\BOOK\SIMPLEBLOB\DEBUG\SIMPLEBLOB.ILK
C:\JITENDERN\BOOK\SIMPLEBLOB\DEBUG\SIMPLEBLOB.PDB
C:\JitenderN\Book\SIMPLEBLOB\SIMPLEBLOB\Debug\cl.command.1.tlog
C:\JitenderN\Book\SIMPLEBLOB\SIMPLEBLOB\Debug\CL.read.1.tlog
C:\JitenderN\Book\SIMPLEBLOB\SIMPLEBLOB\Debug\CL.write.1.tlog
C:\JitenderN\Book\SIMPLEBLOB\SIMPLEBLOB\Debug\link.command.1.tlog
C:\JitenderN\Book\SIMPLEBLOB\SIMPLEBLOB\Debug\link.read.1.tlog
C:\JitenderN\Book\SIMPLEBLOB\SIMPLEBLOB\Debug\link.write.1.tlog
C:\JitenderN\Book\SIMPLEBLOB\SIMPLEBLOB\Debug\link-cvtres.read.1.tlog
C:\JitenderN\Book\SIMPLEBLOB\SIMPLEBLOB\Debug\link-cvtres.write.1.tlog
C:\JitenderN\Book\SIMPLEBLOB\SIMPLEBLOB\Debug\mt.command.1.tlog
C:\JitenderN\Book\SIMPLEBLOB\SIMPLEBLOB\Debug\mt.read.1.tlog
C:\JitenderN\Book\SIMPLEBLOB\SIMPLEBLOB\Debug\mt.write.1.tlog
C:\JitenderN\Book\SIMPLEBLOB\SIMPLEBLOB\Debug\rc.command.1.tlog
C:\JitenderN\Book\SIMPLEBLOB\SIMPLEBLOB\Debug\rc.read.1.tlog
C:\JitenderN\Book\SIMPLEBLOB\SIMPLEBLOB\Debug\rc.write.1.tlog
C:\JITENDERN\BOOK\SIMPLEBLOB\SIMPLEBLOB\DEBUG\SIMPLEBLOB.EXE.EMBED.MANIFEST
C:\JITENDERN\BOOK\SIMPLEBLOB\SIMPLEBLOB\DEBUG\SIMPLEBLOB.EXE.EMBED.MANIFEST.RES
C:\JITENDERN\BOOK\SIMPLEBLOB\SIMPLEBLOB\DEBUG\SIMPLEBLOB.EXE.INTERMEDIATE.MANIFEST
C:\JITENDERN\BOOK\SIMPLEBLOB\SIMPLEBLOB\DEBUG\SIMPLEBLOB.OBJ
C:\JITENDERN\BOOK\SIMPLEBLOB\SIMPLEBLOB\DEBUG\SIMPLEBLOB.PCH
C:\JitenderN\Book\SIMPLEBLOB\SIMPLEBLOB\Debug\SIMPLEBLOB.write.1.tlog
C:\JitenderN\Book\SIMPLEBLOB\SIMPLEBLOB\Debug\SIMPLEBLOB_manifest.rc
C:\JITENDERN\BOOK\SIMPLEBLOB\SIMPLEBLOB\DEBUG\STDAFX.OBJ
C:\JitenderN\Book\SIMPLEBLOB\SIMPLEBLOB\Debug\vc100.idb
C:\JITENDERN\BOOK\SIMPLEBLOB\SIMPLEBLOB\DEBUG\VC100.PDB
