C:\JitenderN\Book\CryptExportKey\CryptExportKey\Debug\cl.command.1.tlog
C:\JitenderN\Book\CryptExportKey\CryptExportKey\Debug\CL.read.1.tlog
C:\JitenderN\Book\CryptExportKey\CryptExportKey\Debug\CL.write.1.tlog
C:\JITENDERN\BOOK\CRYPTEXPORTKEY\CRYPTEXPORTKEY\DEBUG\CRYPTEXPORTKEY.EXE.EMBED.MANIFEST
C:\JITENDERN\BOOK\CRYPTEXPORTKEY\CRYPTEXPORTKEY\DEBUG\CRYPTEXPORTKEY.EXE.EMBED.MANIFEST.RES
C:\JITENDERN\BOOK\CRYPTEXPORTKEY\CRYPTEXPORTKEY\DEBUG\CRYPTEXPORTKEY.EXE.INTERMEDIATE.MANIFEST
C:\JITENDERN\BOOK\CRYPTEXPORTKEY\CRYPTEXPORTKEY\DEBUG\CRYPTEXPORTKEY.OBJ
C:\JITENDERN\BOOK\CRYPTEXPORTKEY\CRYPTEXPORTKEY\DEBUG\CRYPTEXPORTKEY.PCH
C:\JitenderN\Book\CryptExportKey\CryptExportKey\Debug\CryptExportKey.write.1.tlog
C:\JitenderN\Book\CryptExportKey\CryptExportKey\Debug\CryptExportKey_manifest.rc
C:\JitenderN\Book\CryptExportKey\CryptExportKey\Debug\link.9132.read.1.tlog
C:\JitenderN\Book\CryptExportKey\CryptExportKey\Debug\link.9132.write.1.tlog
C:\JitenderN\Book\CryptExportKey\CryptExportKey\Debug\link.9132-cvtres.read.1.tlog
C:\JitenderN\Book\CryptExportKey\CryptExportKey\Debug\link.9132-cvtres.write.1.tlog
C:\JitenderN\Book\CryptExportKey\CryptExportKey\Debug\link.command.1.tlog
C:\JitenderN\Book\CryptExportKey\CryptExportKey\Debug\link.read.1.tlog
C:\JitenderN\Book\CryptExportKey\CryptExportKey\Debug\link.write.1.tlog
C:\JitenderN\Book\CryptExportKey\CryptExportKey\Debug\link-cvtres.read.1.tlog
C:\JitenderN\Book\CryptExportKey\CryptExportKey\Debug\link-cvtres.write.1.tlog
C:\JitenderN\Book\CryptExportKey\CryptExportKey\Debug\mt.command.1.tlog
C:\JitenderN\Book\CryptExportKey\CryptExportKey\Debug\mt.read.1.tlog
C:\JitenderN\Book\CryptExportKey\CryptExportKey\Debug\mt.write.1.tlog
C:\JitenderN\Book\CryptExportKey\CryptExportKey\Debug\rc.command.1.tlog
C:\JitenderN\Book\CryptExportKey\CryptExportKey\Debug\rc.read.1.tlog
C:\JitenderN\Book\CryptExportKey\CryptExportKey\Debug\rc.write.1.tlog
C:\JITENDERN\BOOK\CRYPTEXPORTKEY\CRYPTEXPORTKEY\DEBUG\STDAFX.OBJ
C:\JitenderN\Book\CryptExportKey\CryptExportKey\Debug\vc100.idb
C:\JITENDERN\BOOK\CRYPTEXPORTKEY\CRYPTEXPORTKEY\DEBUG\VC100.PDB
C:\JITENDERN\BOOK\CRYPTEXPORTKEY\DEBUG\CRYPTEXPORTKEY.EXE
C:\JITENDERN\BOOK\CRYPTEXPORTKEY\DEBUG\CRYPTEXPORTKEY.ILK
C:\JITENDERN\BOOK\CRYPTEXPORTKEY\DEBUG\CRYPTEXPORTKEY.PDB
