Build started 10/4/2021 1:24:20 AM.
Project "C:\JitenderN\Book\CryptAcquireContext\CryptAcquireContext\CryptAcquireContext.vcxproj" on node 2 (build target(s)).
InitializeBuildStatus:
  Touching "Debug\CryptAcquireContext.unsuccessfulbuild".
ClCompile:
  C:\Program Files\Microsoft Visual Studio 10.0\VC\bin\CL.exe /c /ZI /nologo /W3 /WX- /Od /Oy- /D WIN32 /D _DEBUG /D _CONSOLE /D _UNICODE /D UNICODE /Gm /EHsc /RTC1 /MTd /GS /fp:precise /Zc:wchar_t /Zc:forScope /Yc"StdAfx.h" /Fp"Debug\CryptAcquireContext.pch" /Fo"Debug\\" /Fd"Debug\vc100.pdb" /Gd /TP /analyze- /errorReport:prompt stdafx.cpp
  stdafx.cpp
  C:\Program Files\Microsoft Visual Studio 10.0\VC\bin\CL.exe /c /ZI /nologo /W3 /WX- /Od /Oy- /D WIN32 /D _DEBUG /D _CONSOLE /D _UNICODE /D UNICODE /Gm /EHsc /RTC1 /MTd /GS /fp:precise /Zc:wchar_t /Zc:forScope /Yu"StdAfx.h" /Fp"Debug\CryptAcquireContext.pch" /Fo"Debug\\" /Fd"Debug\vc100.pdb" /Gd /TP /analyze- /errorReport:prompt CryptAcquireContext.cpp
  CryptAcquireContext.cpp
ManifestResourceCompile:
  C:\Program Files\Microsoft SDKs\Windows\v7.0A\bin\rc.exe /nologo /fo"Debug\CryptAcquireContext.exe.embed.manifest.res" Debug\CryptAcquireContext_manifest.rc 
Link:
  C:\Program Files\Microsoft Visual Studio 10.0\VC\bin\link.exe /ERRORREPORT:PROMPT /OUT:"C:\JitenderN\Book\CryptAcquireContext\Debug\CryptAcquireContext.exe" /INCREMENTAL /NOLOGO kernel32.lib user32.lib gdi32.lib winspool.lib comdlg32.lib advapi32.lib shell32.lib ole32.lib oleaut32.lib uuid.lib odbc32.lib odbccp32.lib /MANIFEST /ManifestFile:"Debug\CryptAcquireContext.exe.intermediate.manifest" /MANIFESTUAC:"level='asInvoker' uiAccess='false'" /DEBUG /PDB:"C:\JitenderN\Book\CryptAcquireContext\Debug\CryptAcquireContext.pdb" /SUBSYSTEM:CONSOLE /TLBID:1 /DYNAMICBASE /NXCOMPAT /IMPLIB:"C:\JitenderN\Book\CryptAcquireContext\Debug\CryptAcquireContext.lib" /MACHINE:X86 Debug\CryptAcquireContext.exe.embed.manifest.res
  Debug\CryptAcquireContext.obj
  Debug\stdafx.obj
Manifest:
  C:\Program Files\Microsoft SDKs\Windows\v7.0A\bin\mt.exe /nologo /verbose /out:"Debug\CryptAcquireContext.exe.embed.manifest" /manifest Debug\CryptAcquireContext.exe.intermediate.manifest
  C:\Program Files\Microsoft SDKs\Windows\v7.0A\bin\rc.exe /nologo /fo"Debug\CryptAcquireContext.exe.embed.manifest.res" Debug\CryptAcquireContext_manifest.rc 
LinkEmbedManifest:
  C:\Program Files\Microsoft Visual Studio 10.0\VC\bin\link.exe /ERRORREPORT:PROMPT /OUT:"C:\JitenderN\Book\CryptAcquireContext\Debug\CryptAcquireContext.exe" /INCREMENTAL /NOLOGO kernel32.lib user32.lib gdi32.lib winspool.lib comdlg32.lib advapi32.lib shell32.lib ole32.lib oleaut32.lib uuid.lib odbc32.lib odbccp32.lib /MANIFEST /ManifestFile:"Debug\CryptAcquireContext.exe.intermediate.manifest" /MANIFESTUAC:"level='asInvoker' uiAccess='false'" /DEBUG /PDB:"C:\JitenderN\Book\CryptAcquireContext\Debug\CryptAcquireContext.pdb" /SUBSYSTEM:CONSOLE /TLBID:1 /DYNAMICBASE /NXCOMPAT /IMPLIB:"C:\JitenderN\Book\CryptAcquireContext\Debug\CryptAcquireContext.lib" /MACHINE:X86 Debug\CryptAcquireContext.exe.embed.manifest.res
  Debug\CryptAcquireContext.obj
  Debug\stdafx.obj
  CryptAcquireContext.vcxproj -> C:\JitenderN\Book\CryptAcquireContext\Debug\CryptAcquireContext.exe
FinalizeBuildStatus:
  Deleting file "Debug\CryptAcquireContext.unsuccessfulbuild".
  Touching "Debug\CryptAcquireContext.lastbuildstate".
Done Building Project "C:\JitenderN\Book\CryptAcquireContext\CryptAcquireContext\CryptAcquireContext.vcxproj" (build target(s)).

Build succeeded.

Time Elapsed 00:00:01.59
