C:\JitenderN\Book\CryptImportKey\CryptImportKey\Debug\cl.command.1.tlog
C:\JitenderN\Book\CryptImportKey\CryptImportKey\Debug\CL.read.1.tlog
C:\JitenderN\Book\CryptImportKey\CryptImportKey\Debug\CL.write.1.tlog
C:\JITENDERN\BOOK\CRYPTIMPORTKEY\CRYPTIMPORTKEY\DEBUG\CRYPTIMPORTKEY.EXE.EMBED.MANIFEST
C:\JITENDERN\BOOK\CRYPTIMPORTKEY\CRYPTIMPORTKEY\DEBUG\CRYPTIMPORTKEY.EXE.EMBED.MANIFEST.RES
C:\JITENDERN\BOOK\CRYPTIMPORTKEY\CRYPTIMPORTKEY\DEBUG\CRYPTIMPORTKEY.EXE.INTERMEDIATE.MANIFEST
C:\JITENDERN\BOOK\CRYPTIMPORTKEY\CRYPTIMPORTKEY\DEBUG\CRYPTIMPORTKEY.OBJ
C:\JITENDERN\BOOK\CRYPTIMPORTKEY\CRYPTIMPORTKEY\DEBUG\CRYPTIMPORTKEY.PCH
C:\JitenderN\Book\CryptImportKey\CryptImportKey\Debug\CryptImportKey.write.1.tlog
C:\JitenderN\Book\CryptImportKey\CryptImportKey\Debug\CryptImportKey_manifest.rc
C:\JitenderN\Book\CryptImportKey\CryptImportKey\Debug\link.7968.read.1.tlog
C:\JitenderN\Book\CryptImportKey\CryptImportKey\Debug\link.7968.write.1.tlog
C:\JitenderN\Book\CryptImportKey\CryptImportKey\Debug\link.7968-cvtres.read.1.tlog
C:\JitenderN\Book\CryptImportKey\CryptImportKey\Debug\link.7968-cvtres.write.1.tlog
C:\JitenderN\Book\CryptImportKey\CryptImportKey\Debug\link.command.1.tlog
C:\JitenderN\Book\CryptImportKey\CryptImportKey\Debug\link.read.1.tlog
C:\JitenderN\Book\CryptImportKey\CryptImportKey\Debug\link.write.1.tlog
C:\JitenderN\Book\CryptImportKey\CryptImportKey\Debug\link-cvtres.read.1.tlog
C:\JitenderN\Book\CryptImportKey\CryptImportKey\Debug\link-cvtres.write.1.tlog
C:\JitenderN\Book\CryptImportKey\CryptImportKey\Debug\mt.command.1.tlog
C:\JitenderN\Book\CryptImportKey\CryptImportKey\Debug\mt.read.1.tlog
C:\JitenderN\Book\CryptImportKey\CryptImportKey\Debug\mt.write.1.tlog
C:\JitenderN\Book\CryptImportKey\CryptImportKey\Debug\rc.command.1.tlog
C:\JitenderN\Book\CryptImportKey\CryptImportKey\Debug\rc.read.1.tlog
C:\JitenderN\Book\CryptImportKey\CryptImportKey\Debug\rc.write.1.tlog
C:\JITENDERN\BOOK\CRYPTIMPORTKEY\CRYPTIMPORTKEY\DEBUG\STDAFX.OBJ
C:\JitenderN\Book\CryptImportKey\CryptImportKey\Debug\vc100.idb
C:\JITENDERN\BOOK\CRYPTIMPORTKEY\CRYPTIMPORTKEY\DEBUG\VC100.PDB
C:\JITENDERN\BOOK\CRYPTIMPORTKEY\DEBUG\CRYPTIMPORTKEY.EXE
C:\JITENDERN\BOOK\CRYPTIMPORTKEY\DEBUG\CRYPTIMPORTKEY.ILK
C:\JITENDERN\BOOK\CRYPTIMPORTKEY\DEBUG\CRYPTIMPORTKEY.PDB
