Build started 10/25/2021 7:51:08 PM.
Project "C:\JitenderN\Book\CryptImportKey\CryptImportKey\CryptImportKey.vcxproj" on node 2 (build target(s)).
InitializeBuildStatus:
  Creating "Debug\CryptImportKey.unsuccessfulbuild" because "AlwaysCreate" was specified.
ClCompile:
  C:\Program Files\Microsoft Visual Studio 10.0\VC\bin\CL.exe /c /ZI /nologo /W3 /WX- /Od /Oy- /D WIN32 /D _DEBUG /D _CONSOLE /D _UNICODE /D UNICODE /Gm /EHsc /RTC1 /MDd /GS /fp:precise /Zc:wchar_t /Zc:forScope /Yc"StdAfx.h" /Fp"Debug\CryptImportKey.pch" /Fo"Debug\\" /Fd"Debug\vc100.pdb" /Gd /TP /analyze- /errorReport:prompt stdafx.cpp
  stdafx.cpp
  C:\Program Files\Microsoft Visual Studio 10.0\VC\bin\CL.exe /c /ZI /nologo /W3 /WX- /Od /Oy- /D WIN32 /D _DEBUG /D _CONSOLE /D _UNICODE /D UNICODE /Gm /EHsc /RTC1 /MDd /GS /fp:precise /Zc:wchar_t /Zc:forScope /Yu"StdAfx.h" /Fp"Debug\CryptImportKey.pch" /Fo"Debug\\" /Fd"Debug\vc100.pdb" /Gd /TP /analyze- /errorReport:prompt CryptImportKey.cpp
  CryptImportKey.cpp
ManifestResourceCompile:
  C:\Program Files\Microsoft SDKs\Windows\v7.0A\bin\rc.exe /nologo /fo"Debug\CryptImportKey.exe.embed.manifest.res" Debug\CryptImportKey_manifest.rc 
Link:
  C:\Program Files\Microsoft Visual Studio 10.0\VC\bin\link.exe /ERRORREPORT:PROMPT /OUT:"C:\JitenderN\Book\CryptImportKey\Debug\CryptImportKey.exe" /INCREMENTAL /NOLOGO kernel32.lib user32.lib gdi32.lib winspool.lib comdlg32.lib advapi32.lib shell32.lib ole32.lib oleaut32.lib uuid.lib odbc32.lib odbccp32.lib /MANIFEST /ManifestFile:"Debug\CryptImportKey.exe.intermediate.manifest" /MANIFESTUAC:"level='asInvoker' uiAccess='false'" /DEBUG /PDB:"C:\JitenderN\Book\CryptImportKey\Debug\CryptImportKey.pdb" /SUBSYSTEM:CONSOLE /TLBID:1 /DYNAMICBASE /NXCOMPAT /IMPLIB:"C:\JitenderN\Book\CryptImportKey\Debug\CryptImportKey.lib" /MACHINE:X86 Debug\CryptImportKey.exe.embed.manifest.res
  Debug\CryptImportKey.obj
  Debug\stdafx.obj
Manifest:
  C:\Program Files\Microsoft SDKs\Windows\v7.0A\bin\mt.exe /nologo /verbose /out:"Debug\CryptImportKey.exe.embed.manifest" /manifest Debug\CryptImportKey.exe.intermediate.manifest
  C:\Program Files\Microsoft SDKs\Windows\v7.0A\bin\rc.exe /nologo /fo"Debug\CryptImportKey.exe.embed.manifest.res" Debug\CryptImportKey_manifest.rc 
LinkEmbedManifest:
  C:\Program Files\Microsoft Visual Studio 10.0\VC\bin\link.exe /ERRORREPORT:PROMPT /OUT:"C:\JitenderN\Book\CryptImportKey\Debug\CryptImportKey.exe" /INCREMENTAL /NOLOGO kernel32.lib user32.lib gdi32.lib winspool.lib comdlg32.lib advapi32.lib shell32.lib ole32.lib oleaut32.lib uuid.lib odbc32.lib odbccp32.lib /MANIFEST /ManifestFile:"Debug\CryptImportKey.exe.intermediate.manifest" /MANIFESTUAC:"level='asInvoker' uiAccess='false'" /DEBUG /PDB:"C:\JitenderN\Book\CryptImportKey\Debug\CryptImportKey.pdb" /SUBSYSTEM:CONSOLE /TLBID:1 /DYNAMICBASE /NXCOMPAT /IMPLIB:"C:\JitenderN\Book\CryptImportKey\Debug\CryptImportKey.lib" /MACHINE:X86 Debug\CryptImportKey.exe.embed.manifest.res
  Debug\CryptImportKey.obj
  Debug\stdafx.obj
  CryptImportKey.vcxproj -> C:\JitenderN\Book\CryptImportKey\Debug\CryptImportKey.exe
FinalizeBuildStatus:
  Deleting file "Debug\CryptImportKey.unsuccessfulbuild".
  Touching "Debug\CryptImportKey.lastbuildstate".
Done Building Project "C:\JitenderN\Book\CryptImportKey\CryptImportKey\CryptImportKey.vcxproj" (build target(s)).

Build succeeded.

Time Elapsed 00:00:01.70
